{"name": "test_create_unique_user", "status": "failed", "statusDetails": {"message": "AssertionError: assert 403 == 201\n +  where 403 = <Response [403]>.status_code", "trace": "self = <test_create_user.TestCreateUser object at 0x106e28a10>\nuser_data = {'email': 'test-user@example.com', 'name': 'Test User', 'password': 'password123'}\n\n    @allure.feature(\"Создание пользователя\")\n    @allure.story(\"Уникальная регистрация пользователя\")\n    def test_create_unique_user(self, user_data):\n        response = requests.post(f\"{BASE_URL}/auth/register\", json=user_data)\n>       assert response.status_code == 201  # Ожидаем успешную регистрацию\nE       assert 403 == 201\nE        +  where 403 = <Response [403]>.status_code\n\ntest_create_user.py:22: AssertionError"}, "start": 1732756220700, "stop": 1732756221059, "uuid": "4f3fd202-0f1d-4994-9382-0dd1a961f2ae", "historyId": "d019e29863ce32a43478f9f92dd0d2ef", "testCaseId": "d019e29863ce32a43478f9f92dd0d2ef", "fullName": "tests.test_create_user.TestCreateUser#test_create_unique_user", "labels": [{"name": "feature", "value": "Создание пользователя"}, {"name": "story", "value": "Уникальная регистрация пользователя"}, {"name": "parentSuite", "value": "tests"}, {"name": "suite", "value": "test_create_user"}, {"name": "subSuite", "value": "TestCreateUser"}, {"name": "host", "value": "admins-MacBook-Pro.local"}, {"name": "thread", "value": "24320-MainThread"}, {"name": "framework", "value": "pytest"}, {"name": "language", "value": "cpython3"}, {"name": "package", "value": "tests.test_create_user"}]}