{"name": "Создание заказа без авторизации", "status": "failed", "statusDetails": {"message": "AssertionError: assert 200 == 401\n +  where 200 = <Response [200]>.status_code", "trace": "self = <test_create_order.TestCreateOrder object at 0x1066dd5e0>\n\n    @allure.title(\"Создание заказа без авторизации\")\n    def test_create_order_without_auth(self):\n        response = requests.post(\n            f\"{BASE_URL}{ENDPOINTS['orders']}\",\n            json={\"ingredients\": ORDER_DATA[\"valid_ingredients\"]}\n        )\n>       assert response.status_code == 401\nE       assert 200 == 401\nE        +  where 200 = <Response [200]>.status_code\n\ntest_create_order.py:27: AssertionError"}, "start": 1733243854833, "stop": 1733243855040, "uuid": "535164cc-38ba-4f81-877f-d7144e609a78", "historyId": "31626b131e085db93d76c3e2763e1288", "testCaseId": "31626b131e085db93d76c3e2763e1288", "fullName": "tests.test_create_order.TestCreateOrder#test_create_order_without_auth", "labels": [{"name": "feature", "value": "Создание заказа"}, {"name": "parentSuite", "value": "tests"}, {"name": "suite", "value": "test_create_order"}, {"name": "subSuite", "value": "TestCreateOrder"}, {"name": "host", "value": "admins-MacBook-Pro.local"}, {"name": "thread", "value": "96503-MainThread"}, {"name": "framework", "value": "pytest"}, {"name": "language", "value": "cpython3"}, {"name": "package", "value": "tests.test_create_order"}]}