{"name": "test_create_order_with_auth", "status": "failed", "statusDetails": {"message": "AssertionError: assert 403 == 200\n +  where 403 = <Response [403]>.status_code", "trace": "self = <test_create_order.TestCreateOrder object at 0x104df8d10>\norder_data = {'ingredients': ['61c0c5a71d1f82001bdaaa6d', '61c0c5a71d1f82001bdaaa6f']}\n\n    @allure.feature(\"Создание заказа\")\n    @allure.story(\"Создание заказа с авторизацией\")\n    def test_create_order_with_auth(self, order_data):\n        headers = {\"Authorization\": \"Bearer <accessToken>\"}\n        response = requests.post(f\"{BASE_URL}/orders\", json=order_data, headers=headers)\n>       assert response.status_code == 200  # Ожидаем успешное создание заказа\nE       assert 403 == 200\nE        +  where 403 = <Response [403]>.status_code\n\ntest_create_order.py:21: AssertionError"}, "start": 1732755489762, "stop": 1732755490059, "uuid": "df7f4e4b-352b-4866-869b-c5ab8f8405f6", "historyId": "464bb3c9d13e4175367160ee9092f7e1", "testCaseId": "464bb3c9d13e4175367160ee9092f7e1", "fullName": "tests.test_create_order.TestCreateOrder#test_create_order_with_auth", "labels": [{"name": "feature", "value": "Создание заказа"}, {"name": "story", "value": "Создание заказа с авторизацией"}, {"name": "parentSuite", "value": "tests"}, {"name": "suite", "value": "test_create_order"}, {"name": "subSuite", "value": "TestCreateOrder"}, {"name": "host", "value": "admins-MacBook-Pro.local"}, {"name": "thread", "value": "24128-MainThread"}, {"name": "framework", "value": "pytest"}, {"name": "language", "value": "cpython3"}, {"name": "package", "value": "tests.test_create_order"}]}