{"name": "test_create_unique_user", "status": "failed", "statusDetails": {"message": "AssertionError: assert 200 == 201\n +  where 200 = <Response [200]>.status_code", "trace": "self = <test_create_user.TestCreateUser object at 0x104030f80>\n\n    @allure.feature(\"Создание пользователя\")\n    @allure.story(\"Уникальная регистрация пользователя\")\n    def test_create_unique_user(self):\n        # Генерация уникального email внутри теста\n        user_data = {\n            \"email\": generate_unique_email(),  # Генерация уникального email\n            \"password\": \"password123\",\n            \"name\": \"Test User\"\n        }\n        response = requests.post(f\"{BASE_URL}/auth/register\", json=user_data)\n>       assert response.status_code == 201  # Ожидаем успешную регистрацию (201 Created)\nE       assert 200 == 201\nE        +  where 200 = <Response [200]>.status_code\n\ntest_create_user.py:19: AssertionError"}, "start": 1732759264702, "stop": 1732759265053, "uuid": "6af236f2-ba3d-44cb-b0f7-618accbd915f", "historyId": "d019e29863ce32a43478f9f92dd0d2ef", "testCaseId": "d019e29863ce32a43478f9f92dd0d2ef", "fullName": "tests.test_create_user.TestCreateUser#test_create_unique_user", "labels": [{"name": "story", "value": "Уникальная регистрация пользователя"}, {"name": "feature", "value": "Создание пользователя"}, {"name": "parentSuite", "value": "tests"}, {"name": "suite", "value": "test_create_user"}, {"name": "subSuite", "value": "TestCreateUser"}, {"name": "host", "value": "admins-MacBook-Pro.local"}, {"name": "thread", "value": "25189-MainThread"}, {"name": "framework", "value": "pytest"}, {"name": "language", "value": "cpython3"}, {"name": "package", "value": "tests.test_create_user"}]}