{"name": "Уникальная регистрация пользователя", "status": "failed", "statusDetails": {"message": "AssertionError: assert 403 == 200\n +  where 403 = <Response [403]>.status_code", "trace": "self = <test_create_user.TestCreateUser object at 0x104923260>\n\n    @allure.title(\"Уникальная регистрация пользователя\")\n    def test_create_unique_user(self):\n        user_data = USER_DATA[\"valid_user\"]\n        response = requests.post(f\"{BASE_URL}{ENDPOINTS['register']}\", json=user_data)\n>       assert response.status_code == 200\nE       assert 403 == 200\nE        +  where 403 = <Response [403]>.status_code\n\ntest_create_user.py:14: AssertionError"}, "start": 1733244254497, "stop": 1733244254797, "uuid": "1474d44d-989b-4233-8596-d0ca34871970", "historyId": "d019e29863ce32a43478f9f92dd0d2ef", "testCaseId": "d019e29863ce32a43478f9f92dd0d2ef", "fullName": "tests.test_create_user.TestCreateUser#test_create_unique_user", "labels": [{"name": "feature", "value": "Создание пользователя"}, {"name": "parentSuite", "value": "tests"}, {"name": "suite", "value": "test_create_user"}, {"name": "subSuite", "value": "TestCreateUser"}, {"name": "host", "value": "admins-MacBook-Pro.local"}, {"name": "thread", "value": "96591-MainThread"}, {"name": "framework", "value": "pytest"}, {"name": "language", "value": "cpython3"}, {"name": "package", "value": "tests.test_create_user"}]}