{"name": "test_create_order_without_auth", "status": "failed", "statusDetails": {"message": "AssertionError: assert 200 == 403\n +  where 200 = <Response [200]>.status_code", "trace": "self = <test_create_order.TestCreateOrder object at 0x1041ddb20>\norder_data = {'ingredients': ['61c0c5a71d1f82001bdaaa6d', '61c0c5a71d1f82001bdaaa70']}\n\n    @allure.feature(\"Создание заказа\")\n    @allure.story(\"Попытка создать заказ без авторизации\")\n    def test_create_order_without_auth(self, order_data):\n        \"\"\"Создание заказа без авторизации\"\"\"\n        response = requests.post(f\"{BASE_URL}/orders\", json=order_data)\n    \n        # Проверка ошибки при отсутствии авторизации\n>       assert response.status_code == 403\nE       assert 200 == 403\nE        +  where 200 = <Response [200]>.status_code\n\ntest_create_order.py:27: AssertionError"}, "description": "Создание заказа без авторизации", "start": 1732767225020, "stop": 1732767225300, "uuid": "9dc56a60-2d08-4e52-be20-b85eba931fce", "historyId": "31626b131e085db93d76c3e2763e1288", "testCaseId": "31626b131e085db93d76c3e2763e1288", "fullName": "tests.test_create_order.TestCreateOrder#test_create_order_without_auth", "labels": [{"name": "feature", "value": "Создание заказа"}, {"name": "story", "value": "Попытка создать заказ без авторизации"}, {"name": "parentSuite", "value": "tests"}, {"name": "suite", "value": "test_create_order"}, {"name": "subSuite", "value": "TestCreateOrder"}, {"name": "host", "value": "admins-MacBook-Pro.local"}, {"name": "thread", "value": "26216-MainThread"}, {"name": "framework", "value": "pytest"}, {"name": "language", "value": "cpython3"}, {"name": "package", "value": "tests.test_create_order"}]}