{"name": "test_create_unique_user", "status": "failed", "statusDetails": {"message": "AssertionError: assert 200 == 201\n +  where 200 = <Response [200]>.status_code", "trace": "self = <test_create_user.TestCreateUser object at 0x102d58a10>\nuser_data = {'email': 'test-user-bnrr7l4p@example.com', 'name': 'Test User', 'password': 'password123'}\n\n    @allure.feature(\"Создание пользователя\")\n    @allure.story(\"Уникальная регистрация пользователя\")\n    def test_create_unique_user(self, user_data):\n        response = requests.post(f\"{BASE_URL}/auth/register\", json=user_data)\n>       assert response.status_code == 201  # Ожидаем успешную регистрацию (201 Created)\nE       assert 200 == 201\nE        +  where 200 = <Response [200]>.status_code\n\ntest_create_user.py:30: AssertionError"}, "start": 1732756495443, "stop": 1732756495698, "uuid": "3ad7124a-e0d4-4877-a9ed-d3e8ecf66db4", "historyId": "d019e29863ce32a43478f9f92dd0d2ef", "testCaseId": "d019e29863ce32a43478f9f92dd0d2ef", "fullName": "tests.test_create_user.TestCreateUser#test_create_unique_user", "labels": [{"name": "story", "value": "Уникальная регистрация пользователя"}, {"name": "feature", "value": "Создание пользователя"}, {"name": "parentSuite", "value": "tests"}, {"name": "suite", "value": "test_create_user"}, {"name": "subSuite", "value": "TestCreateUser"}, {"name": "host", "value": "admins-MacBook-Pro.local"}, {"name": "thread", "value": "24395-MainThread"}, {"name": "framework", "value": "pytest"}, {"name": "language", "value": "cpython3"}, {"name": "package", "value": "tests.test_create_user"}]}