{"name": "test_create_order_without_auth", "status": "failed", "statusDetails": {"message": "AssertionError: assert 400 == 403\n +  where 400 = <Response [400]>.status_code", "trace": "self = <test_create_order.TestCreateOrder object at 0x10205b800>, order_data = {'ingredients': ['60d3b41abdacab0026a733c6', '609646e4dc916e00276b2870']}\n\n    @allure.feature(\"Создание заказа\")\n    @allure.story(\"Попытка создать заказ без авторизации\")\n    def test_create_order_without_auth(self, order_data):\n        response = requests.post(f\"{BASE_URL}/orders\", json=order_data)\n>       assert response.status_code == 403  # Ошибка: нужна авторизация\nE       assert 400 == 403\nE        +  where 400 = <Response [400]>.status_code\n\ntests/test_create_order.py:28: AssertionError"}, "start": 1732753747928, "stop": 1732753748204, "uuid": "ef838ac0-f6c4-429c-ae30-d0ec8d6ddbae", "historyId": "31626b131e085db93d76c3e2763e1288", "testCaseId": "31626b131e085db93d76c3e2763e1288", "fullName": "tests.test_create_order.TestCreateOrder#test_create_order_without_auth", "labels": [{"name": "story", "value": "Попытка создать заказ без авторизации"}, {"name": "feature", "value": "Создание заказа"}, {"name": "parentSuite", "value": "tests"}, {"name": "suite", "value": "test_create_order"}, {"name": "subSuite", "value": "TestCreateOrder"}, {"name": "host", "value": "admins-MacBook-Pro.local"}, {"name": "thread", "value": "23750-MainThread"}, {"name": "framework", "value": "pytest"}, {"name": "language", "value": "cpython3"}, {"name": "package", "value": "tests.test_create_order"}]}