{"name": "test_create_unique_user", "status": "failed", "statusDetails": {"message": "AssertionError: assert 403 == 201\n +  where 403 = <Response [403]>.status_code", "trace": "self = <test_create_user.TestCreateUser object at 0x107a8c920>\n\n    def test_create_unique_user(self):\n        user_data = {\n            \"email\": \"unique_user@example.com\",\n            \"password\": \"password123\",\n            \"name\": \"Unique User\"\n        }\n        response = requests.post(f\"{BASE_URL}/auth/register\", json=user_data)\n>       assert response.status_code == 201  # Ожидаем успешную регистрацию\nE       assert 403 == 201\nE        +  where 403 = <Response [403]>.status_code\n\ntests/test_create_user.py:14: AssertionError"}, "start": 1732752224866, "stop": 1732752225140, "uuid": "80e4fb79-851d-460a-b0d4-e58835e2ce50", "historyId": "d019e29863ce32a43478f9f92dd0d2ef", "testCaseId": "d019e29863ce32a43478f9f92dd0d2ef", "fullName": "tests.test_create_user.TestCreateUser#test_create_unique_user", "labels": [{"name": "parentSuite", "value": "tests"}, {"name": "suite", "value": "test_create_user"}, {"name": "subSuite", "value": "TestCreateUser"}, {"name": "host", "value": "admins-MacBook-Pro.local"}, {"name": "thread", "value": "23420-MainThread"}, {"name": "framework", "value": "pytest"}, {"name": "language", "value": "cpython3"}, {"name": "package", "value": "tests.test_create_user"}]}