{"name": "test_create_order_with_auth", "status": "failed", "statusDetails": {"message": "AssertionError: assert 403 == 200\n +  where 403 = <Response [403]>.status_code", "trace": "self = <test_create_order.TestCreateOrder object at 0x101e2d550>, order_data = {'ingredients': ['60d3b41abdacab0026a733c6', '609646e4dc916e00276b2870']}\n\n    @allure.feature(\"Создание заказа\")\n    @allure.story(\"Создание заказа с авторизацией\")\n    def test_create_order_with_auth(self, order_data):\n        headers = {\"Authorization\": \"Bearer <accessToken>\"}\n        response = requests.post(f\"{BASE_URL}/orders\", json=order_data, headers=headers)\n>       assert response.status_code == 200  # Ожидаем успешное создание заказа\nE       assert 403 == 200\nE        +  where 403 = <Response [403]>.status_code\n\ntests/test_create_order.py:21: AssertionError"}, "start": 1732753747738, "stop": 1732753747905, "uuid": "b75890a0-842c-45b6-ab05-cc4b0e1ff58a", "historyId": "464bb3c9d13e4175367160ee9092f7e1", "testCaseId": "464bb3c9d13e4175367160ee9092f7e1", "fullName": "tests.test_create_order.TestCreateOrder#test_create_order_with_auth", "labels": [{"name": "story", "value": "Создание заказа с авторизацией"}, {"name": "feature", "value": "Создание заказа"}, {"name": "parentSuite", "value": "tests"}, {"name": "suite", "value": "test_create_order"}, {"name": "subSuite", "value": "TestCreateOrder"}, {"name": "host", "value": "admins-MacBook-Pro.local"}, {"name": "thread", "value": "23750-MainThread"}, {"name": "framework", "value": "pytest"}, {"name": "language", "value": "cpython3"}, {"name": "package", "value": "tests.test_create_order"}]}